<?xml version="1.0" encoding="UTF-8"?>
<!-- Generated by org.testng.reporters.JUnitReportReporter -->
<testsuite name="runningScripts.RunTestScrips" tests="1" time="0.008" ignored="0" failures="0" timestamp="24 Nov 2019 17:14:35 GMT" skipped="0" hostname="Bala-Pavan" errors="0">
  <testcase name="sample" time="0.008" classname="runningScripts.RunTestScrips"/>
</testsuite> <!-- runningScripts.RunTestScrips -->
